  DB.cpp
C:\Program Files (x86)\Windows Kits\10\Include\10.0.19041.0\ucrt\corecrt_io.h(18,1): error C2059: syntax error: 'string'
C:\Program Files (x86)\Windows Kits\10\Include\10.0.19041.0\ucrt\corecrt_io.h(18,1): error C2334: unexpected token(s) preceding '{'; skipping apparent function body
C:\Users\rbv\OOP\ДЗ_10\pr34\ConsoleApplication1\DB.cpp(2,10): error C2955: 'Vladimir::DB': use of class template requires template argument list
C:\Users\rbv\OOP\ДЗ_10\pr34\ConsoleApplication1\DB.h(5,1): message : see declaration of 'Vladimir::DB'
C:\Users\rbv\OOP\ДЗ_10\pr34\ConsoleApplication1\DB.cpp(2,10): error C3254: 'Vladimir': class contains explicit override 'push' but does not derive from an interface that contains the function declaration
C:\Users\rbv\OOP\ДЗ_10\pr34\ConsoleApplication1\DB.cpp(2,10): error C2838: 'push': illegal qualified name in member declaration
C:\Users\rbv\OOP\ДЗ_10\pr34\ConsoleApplication1\DB.cpp(6,10): error C2955: 'Vladimir::DB': use of class template requires template argument list
C:\Users\rbv\OOP\ДЗ_10\pr34\ConsoleApplication1\DB.h(5,1): message : see declaration of 'Vladimir::DB'
C:\Users\rbv\OOP\ДЗ_10\pr34\ConsoleApplication1\DB.cpp(6,10): error C3254: 'Vladimir': class contains explicit override 'print' but does not derive from an interface that contains the function declaration
C:\Users\rbv\OOP\ДЗ_10\pr34\ConsoleApplication1\DB.cpp(6,10): error C2838: 'print': illegal qualified name in member declaration
C:\Users\rbv\OOP\ДЗ_10\pr34\ConsoleApplication1\Vladimir.h(5,1): fatal  error C1075: '{': no matching token found
  Vladimir.cpp
C:\Program Files (x86)\Windows Kits\10\Include\10.0.19041.0\ucrt\corecrt_io.h(18,1): error C2059: syntax error: 'string'
C:\Program Files (x86)\Windows Kits\10\Include\10.0.19041.0\ucrt\corecrt_io.h(18,1): error C2334: unexpected token(s) preceding '{'; skipping apparent function body
C:\Users\rbv\OOP\ДЗ_10\pr34\ConsoleApplication1\Vladimir.cpp(2,29): error C2990: 'Vladimir::DB': non-class template has already been declared as a class template
C:\Users\rbv\OOP\ДЗ_10\pr34\ConsoleApplication1\DB.h(5,1): message : see declaration of 'Vladimir::DB'
C:\Users\rbv\OOP\ДЗ_10\pr34\ConsoleApplication1\Vladimir.cpp(2,16): error C3254: 'Vladimir': class contains explicit override 'copy' but does not derive from an interface that contains the function declaration
C:\Users\rbv\OOP\ДЗ_10\pr34\ConsoleApplication1\Vladimir.cpp(3,1): error C3241: 'void Vladimir::copy(Vladimir::DB &)': this method was not introduced by 'Reshetov'
C:\Users\rbv\OOP\ДЗ_10\pr34\ConsoleApplication1\Vladimir.cpp(2,16): message : see declaration of 'Vladimir::copy'
C:\Users\rbv\OOP\ДЗ_10\pr34\ConsoleApplication1\Vladimir.h(5,1): fatal  error C1075: '{': no matching token found
  pr34.cpp
C:\Program Files (x86)\Windows Kits\10\Include\10.0.19041.0\ucrt\corecrt_io.h(18,1): error C2059: syntax error: 'string'
C:\Program Files (x86)\Windows Kits\10\Include\10.0.19041.0\ucrt\corecrt_io.h(18,1): error C2334: unexpected token(s) preceding '{'; skipping apparent function body
C:\Users\rbv\OOP\ДЗ_10\pr34\ConsoleApplication1\Vladimir.h(5,1): fatal  error C1075: '{': no matching token found
  Reshetov.cpp
C:\Program Files (x86)\Windows Kits\10\Include\10.0.19041.0\ucrt\corecrt_io.h(18,1): error C2059: syntax error: 'string'
C:\Program Files (x86)\Windows Kits\10\Include\10.0.19041.0\ucrt\corecrt_io.h(18,1): error C2334: unexpected token(s) preceding '{'; skipping apparent function body
C:\Users\rbv\OOP\ДЗ_10\pr34\ConsoleApplication1\Reshetov.cpp(2,29): error C2990: 'Vladimir::DB': non-class template has already been declared as a class template
C:\Users\rbv\OOP\ДЗ_10\pr34\ConsoleApplication1\DB.h(5,1): message : see declaration of 'Vladimir::DB'
C:\Users\rbv\OOP\ДЗ_10\pr34\ConsoleApplication1\Reshetov.cpp(2,16): error C3254: 'Vladimir': class contains explicit override 'copy' but does not derive from an interface that contains the function declaration
C:\Users\rbv\OOP\ДЗ_10\pr34\ConsoleApplication1\Reshetov.cpp(3,1): error C3241: 'void Vladimir::copy(Vladimir::DB &)': this method was not introduced by 'Reshetov'
C:\Users\rbv\OOP\ДЗ_10\pr34\ConsoleApplication1\Reshetov.cpp(2,16): message : see declaration of 'Vladimir::copy'
C:\Users\rbv\OOP\ДЗ_10\pr34\ConsoleApplication1\Vladimir.h(5,1): fatal  error C1075: '{': no matching token found
  Generating Code...
